2018-04-09 10:47:01,627 - BrowserEngine - INFO - You had select Firefox browser.
2018-04-09 10:47:01,627 - BrowserEngine - INFO - The test server url is: https://www.baidu.com
2018-04-09 10:47:11,259 - BrowserEngine - INFO - Starting firefox browser.
2018-04-09 10:47:12,355 - BrowserEngine - INFO - Open url: https://www.baidu.com 
2018-04-09 10:47:12,359 - BrowserEngine - INFO - Maximize the current window. 
2018-04-09 10:47:12,388 - BasePage - INFO - Had find the element '  ' seccessful by id via value:  kw 
2018-04-09 10:47:12,595 - BasePage - INFO - Had type ' selenium ' in inputBox
2018-04-09 10:47:12,677 - BasePage - INFO - Had find the element '  ' seccessful by xpath via value: //*[@id='su'] 
2018-04-09 10:47:12,796 - BasePage - INFO - The element '  ' was clicked.
2018-04-09 10:47:14,905 - BasePage - INFO - Had take screenshot and save to folder : /screenshots
2018-04-09 10:47:14,911 - BasePage - INFO - Current page title is selenium_百度搜索
2018-04-09 10:47:14,933 - BasePage - INFO - Had find the element '  ' seccessful by id via value:  kw 
2018-04-09 10:47:15,038 - BasePage - INFO - Had type ' python ' in inputBox
2018-04-09 10:47:15,073 - BasePage - INFO - Had find the element '  ' seccessful by xpath via value: //*[@id='su'] 
2018-04-09 10:47:15,190 - BasePage - INFO - The element '  ' was clicked.
2018-04-09 10:47:17,266 - BasePage - INFO - Had take screenshot and save to folder : /screenshots
2018-04-09 10:47:17,871 - BrowserEngine - INFO - You had select Firefox browser.
2018-04-09 10:47:17,872 - BrowserEngine - INFO - The test server url is: https://www.baidu.com
2018-04-09 10:47:27,997 - BrowserEngine - INFO - Starting firefox browser.
2018-04-09 10:47:29,411 - BrowserEngine - INFO - Open url: https://www.baidu.com 
2018-04-09 10:47:29,415 - BrowserEngine - INFO - Maximize the current window. 
2018-04-09 10:47:29,427 - BasePage - INFO - Current page title is 百度一下，你就知道
2018-04-09 10:47:30,029 - BrowserEngine - INFO - You had select Firefox browser.
2018-04-09 10:47:30,029 - BrowserEngine - INFO - The test server url is: https://www.baidu.com
2018-04-09 10:47:39,006 - BrowserEngine - INFO - Starting firefox browser.
2018-04-09 10:47:40,023 - BrowserEngine - INFO - Open url: https://www.baidu.com 
2018-04-09 10:47:40,028 - BrowserEngine - INFO - Maximize the current window. 
2018-04-09 10:47:40,142 - BasePage - INFO - The element ' 新闻 ' was clicked.
2018-04-09 10:47:42,142 - BasePage - INFO - Sleep for 2 seconds
2018-04-09 10:47:42,171 - BasePage - INFO - Had find the element ' 体育 ' seccessful by xpath via value: //*[@id='channel-all']/div/ul/li[8]/a 
2018-04-09 10:47:42,266 - BasePage - INFO - The element ' 体育 ' was clicked.
2018-04-09 10:47:44,266 - BasePage - INFO - Sleep for 2 seconds
2018-04-09 10:47:44,296 - BasePage - INFO - Had find the element ' 汽车 ' seccessful by xpath via value: //*[@id='channel-all']/div/ul/li[13]/a 
2018-04-09 10:47:44,453 - BasePage - INFO - The element ' 汽车 ' was clicked.
2018-04-09 10:47:46,456 - BasePage - INFO - Sleep for 2 seconds
2018-04-09 10:47:46,680 - BasePage - INFO - Had take screenshot and save to folder : /screenshots
2018-04-09 10:47:47,391 - BrowserEngine - INFO - You had select Firefox browser.
2018-04-09 10:47:47,391 - BrowserEngine - INFO - The test server url is: https://www.baidu.com
2018-04-09 10:47:56,871 - BrowserEngine - INFO - Starting firefox browser.
2018-04-09 10:47:57,937 - BrowserEngine - INFO - Open url: https://www.baidu.com 
2018-04-09 10:47:57,944 - BrowserEngine - INFO - Maximize the current window. 
2018-04-09 10:47:57,960 - BasePage - INFO - Current page title is 百度一下，你就知道
