2018-04-09 11:02:03,710 - BrowserEngine - INFO - You had select Firefox browser.
2018-04-09 11:02:03,710 - BrowserEngine - INFO - The test server url is: https://www.baidu.com
2018-04-09 11:02:11,934 - BrowserEngine - INFO - Starting firefox browser.
2018-04-09 11:02:12,864 - BrowserEngine - INFO - Open url: https://www.baidu.com 
2018-04-09 11:02:12,868 - BrowserEngine - INFO - Maximize the current window. 
2018-04-09 11:02:12,894 - BasePage - INFO - Had find the element '  ' seccessful by id via value:  kw 
2018-04-09 11:02:13,095 - BasePage - INFO - Had type ' selenium ' in inputBox
2018-04-09 11:02:13,201 - BasePage - INFO - Had find the element '  ' seccessful by xpath via value: //*[@id='su'] 
2018-04-09 11:02:13,299 - BasePage - INFO - The element '  ' was clicked.
2018-04-09 11:02:15,401 - BasePage - INFO - Had take screenshot and save to folder : /screenshots
2018-04-09 11:02:15,408 - BasePage - INFO - Current page title is selenium_百度搜索
2018-04-09 11:02:15,430 - BasePage - INFO - Had find the element '  ' seccessful by id via value:  kw 
2018-04-09 11:02:15,532 - BasePage - INFO - Had type ' python ' in inputBox
2018-04-09 11:02:15,555 - BasePage - INFO - Had find the element '  ' seccessful by xpath via value: //*[@id='su'] 
2018-04-09 11:02:15,634 - BasePage - INFO - The element '  ' was clicked.
2018-04-09 11:02:17,746 - BasePage - INFO - Had take screenshot and save to folder : /screenshots
2018-04-09 11:02:18,236 - BrowserEngine - INFO - You had select Firefox browser.
2018-04-09 11:02:18,236 - BrowserEngine - INFO - The test server url is: https://www.baidu.com
2018-04-09 11:02:26,766 - BrowserEngine - INFO - Starting firefox browser.
2018-04-09 11:02:27,657 - BrowserEngine - INFO - Open url: https://www.baidu.com 
2018-04-09 11:02:27,667 - BrowserEngine - INFO - Maximize the current window. 
2018-04-09 11:02:27,680 - BasePage - INFO - Current page title is 百度一下，你就知道
2018-04-09 11:02:28,154 - BrowserEngine - INFO - You had select Firefox browser.
2018-04-09 11:02:28,154 - BrowserEngine - INFO - The test server url is: https://www.baidu.com
2018-04-09 11:02:36,546 - BrowserEngine - INFO - Starting firefox browser.
2018-04-09 11:02:37,434 - BrowserEngine - INFO - Open url: https://www.baidu.com 
2018-04-09 11:02:37,440 - BrowserEngine - INFO - Maximize the current window. 
2018-04-09 11:02:37,526 - BasePage - INFO - The element ' 新闻 ' was clicked.
2018-04-09 11:02:39,526 - BasePage - INFO - Sleep for 2 seconds
2018-04-09 11:02:39,555 - BasePage - INFO - Had find the element ' 体育 ' seccessful by xpath via value: //*[@id='channel-all']/div/ul/li[8]/a 
2018-04-09 11:02:39,621 - BasePage - INFO - The element ' 体育 ' was clicked.
2018-04-09 11:02:41,624 - BasePage - INFO - Sleep for 2 seconds
2018-04-09 11:02:41,651 - BasePage - INFO - Had find the element ' 汽车 ' seccessful by xpath via value: //*[@id='channel-all']/div/ul/li[13]/a 
2018-04-09 11:02:41,808 - BasePage - INFO - The element ' 汽车 ' was clicked.
2018-04-09 11:02:43,808 - BasePage - INFO - Sleep for 2 seconds
2018-04-09 11:02:44,017 - BasePage - INFO - Had take screenshot and save to folder : /screenshots
2018-04-09 11:02:44,802 - BrowserEngine - INFO - You had select Firefox browser.
2018-04-09 11:02:44,802 - BrowserEngine - INFO - The test server url is: https://www.baidu.com
2018-04-09 11:02:52,834 - BrowserEngine - INFO - Starting firefox browser.
2018-04-09 11:02:53,828 - BrowserEngine - INFO - Open url: https://www.baidu.com 
2018-04-09 11:02:53,835 - BrowserEngine - INFO - Maximize the current window. 
2018-04-09 11:02:53,844 - BasePage - INFO - Current page title is 百度一下，你就知道
