2018-04-09 14:22:25,513 - BrowserEngine - INFO - You had select Firefox browser.
2018-04-09 14:22:25,513 - BrowserEngine - INFO - The test server url is: https://www.baidu.com
2018-04-09 14:22:34,951 - BrowserEngine - INFO - Starting firefox browser.
2018-04-09 14:22:35,834 - BrowserEngine - INFO - Open url: https://www.baidu.com 
2018-04-09 14:22:35,839 - BrowserEngine - INFO - Maximize the current window. 
2018-04-09 14:22:35,874 - BasePage - INFO - Had find the element '  ' seccessful by id via value:  kw 
2018-04-09 14:22:36,111 - BasePage - INFO - Had type ' selenium ' in inputBox
2018-04-09 14:22:36,203 - BasePage - INFO - Had find the element '  ' seccessful by xpath via value: //*[@id='su'] 
2018-04-09 14:22:36,302 - BasePage - INFO - The element '  ' was clicked.
2018-04-09 14:22:38,394 - BasePage - INFO - Had take screenshot and save to folder : /screenshots
2018-04-09 14:22:38,401 - BasePage - INFO - Current page title is selenium_百度搜索
2018-04-09 14:22:38,423 - BasePage - INFO - Had find the element '  ' seccessful by id via value:  kw 
2018-04-09 14:22:38,529 - BasePage - INFO - Had type ' python ' in inputBox
2018-04-09 14:22:38,565 - BasePage - INFO - Had find the element '  ' seccessful by xpath via value: //*[@id='su'] 
2018-04-09 14:22:38,653 - BasePage - INFO - The element '  ' was clicked.
2018-04-09 14:22:40,723 - BasePage - INFO - Had take screenshot and save to folder : /screenshots
2018-04-09 14:22:41,173 - BrowserEngine - INFO - You had select Firefox browser.
2018-04-09 14:22:41,173 - BrowserEngine - INFO - The test server url is: https://www.baidu.com
2018-04-09 14:22:49,839 - BrowserEngine - INFO - Starting firefox browser.
2018-04-09 14:22:50,835 - BrowserEngine - INFO - Open url: https://www.baidu.com 
2018-04-09 14:22:50,842 - BrowserEngine - INFO - Maximize the current window. 
2018-04-09 14:22:50,934 - BasePage - INFO - The element ' 新闻 ' was clicked.
2018-04-09 14:22:52,934 - BasePage - INFO - Sleep for 2 seconds
2018-04-09 14:22:52,963 - BasePage - INFO - Had find the element ' 体育 ' seccessful by xpath via value: //*[@id='channel-all']/div/ul/li[8]/a 
2018-04-09 14:22:53,016 - BasePage - INFO - The element ' 体育 ' was clicked.
2018-04-09 14:22:55,017 - BasePage - INFO - Sleep for 2 seconds
2018-04-09 14:22:55,069 - BasePage - INFO - Had find the element ' 汽车 ' seccessful by xpath via value: //*[@id='channel-all']/div/ul/li[13]/a 
2018-04-09 14:22:55,214 - BasePage - INFO - The element ' 汽车 ' was clicked.
2018-04-09 14:22:57,216 - BasePage - INFO - Sleep for 2 seconds
2018-04-09 14:22:57,417 - BasePage - INFO - Had take screenshot and save to folder : /screenshots
2018-04-09 14:22:58,058 - BrowserEngine - INFO - You had select Firefox browser.
2018-04-09 14:22:58,058 - BrowserEngine - INFO - The test server url is: https://www.baidu.com
2018-04-09 14:23:06,762 - BrowserEngine - INFO - Starting firefox browser.
2018-04-09 14:23:07,671 - BrowserEngine - INFO - Open url: https://www.baidu.com 
2018-04-09 14:23:07,678 - BrowserEngine - INFO - Maximize the current window. 
2018-04-09 14:23:07,687 - BasePage - INFO - Current page title is 百度一下，你就知道
2018-04-09 14:23:09,696 - BasePage - INFO - Sleep for 2 seconds
