2018-04-08 16:38:26,792 - BrowserEngine - INFO - You had select Chrome browser.
2018-04-08 16:38:26,793 - BrowserEngine - INFO - The test server url is: https://www.baidu.com
2018-04-08 16:38:32,388 - BrowserEngine - INFO - Starting Chrome browser
2018-04-08 16:38:33,997 - BrowserEngine - INFO - Open url: https://www.baidu.com 
2018-04-08 16:38:35,163 - BrowserEngine - INFO - Maximize the current window. 
2018-04-08 16:38:35,167 - BrowserEngine - INFO - Set implicitly wait 10 seconds. 
2018-04-08 16:38:35,214 - BasePage - INFO - Had find the element '  ' seccessful by id via value:  kw 
2018-04-08 16:38:35,440 - BasePage - INFO - Had type ' selenium ' in inputBox
2018-04-08 16:38:35,532 - BasePage - INFO - Had find the element '  ' seccessful by xpath via value: //*[@id='su'] 
2018-04-08 16:38:35,644 - BasePage - INFO - The element '  ' was clicked.
2018-04-08 16:38:38,028 - BasePage - INFO - Had take screenshot and save to folder : /screenshots
2018-04-08 16:38:38,048 - BasePage - INFO - Had find the element '  ' seccessful by id via value:  kw 
2018-04-08 16:38:38,158 - BasePage - INFO - Had type ' python ' in inputBox
2018-04-08 16:38:38,184 - BasePage - INFO - Had find the element '  ' seccessful by xpath via value: //*[@id='su'] 
2018-04-08 16:38:38,309 - BasePage - INFO - The element '  ' was clicked.
2018-04-08 16:38:40,612 - BasePage - INFO - Had take screenshot and save to folder : /screenshots
2018-04-08 16:38:56,618 - BrowserEngine - INFO - You had select Chrome browser.
2018-04-08 16:38:56,618 - BrowserEngine - INFO - The test server url is: https://www.baidu.com
2018-04-08 16:39:03,298 - BrowserEngine - INFO - Starting Chrome browser
2018-04-08 16:39:05,946 - BrowserEngine - INFO - Open url: https://www.baidu.com 
2018-04-08 16:39:07,115 - BrowserEngine - INFO - Maximize the current window. 
2018-04-08 16:39:07,121 - BrowserEngine - INFO - Set implicitly wait 10 seconds. 
2018-04-08 16:39:07,164 - BasePage - INFO - Had find the element '  ' seccessful by id via value:  kw 
2018-04-08 16:39:07,369 - BasePage - INFO - Had type ' selenium ' in inputBox
2018-04-08 16:39:07,454 - BasePage - INFO - Had find the element '  ' seccessful by xpath via value: //*[@id='su'] 
2018-04-08 16:39:07,578 - BasePage - INFO - The element '  ' was clicked.
2018-04-08 16:39:09,983 - BasePage - INFO - Had take screenshot and save to folder : /screenshots
2018-04-08 16:39:10,003 - BasePage - INFO - Had find the element '  ' seccessful by id via value:  kw 
2018-04-08 16:39:10,118 - BasePage - INFO - Had type ' python ' in inputBox
2018-04-08 16:39:10,155 - BasePage - INFO - Had find the element '  ' seccessful by xpath via value: //*[@id='su'] 
2018-04-08 16:39:10,229 - BasePage - INFO - The element '  ' was clicked.
2018-04-08 16:39:12,522 - BasePage - INFO - Had take screenshot and save to folder : /screenshots
