2018-04-09 10:33:16,611 - BrowserEngine - INFO - You had select Firefox browser.
2018-04-09 10:33:16,611 - BrowserEngine - INFO - The test server url is: https://www.baidu.com
2018-04-09 10:33:25,210 - BrowserEngine - INFO - Starting firefox browser.
2018-04-09 10:33:26,187 - BrowserEngine - INFO - Open url: https://www.baidu.com 
2018-04-09 10:33:26,193 - BrowserEngine - INFO - Maximize the current window. 
2018-04-09 10:33:26,224 - BasePage - INFO - Had find the element '  ' seccessful by id via value:  kw 
2018-04-09 10:33:26,496 - BasePage - INFO - Had type ' selenium ' in inputBox
2018-04-09 10:33:26,661 - BasePage - INFO - Had find the element '  ' seccessful by xpath via value: //*[@id='su'] 
2018-04-09 10:33:26,770 - BasePage - INFO - The element '  ' was clicked.
2018-04-09 10:33:28,888 - BasePage - INFO - Had take screenshot and save to folder : /screenshots
2018-04-09 10:33:28,897 - BasePage - INFO - Current page title is selenium_百度搜索
2018-04-09 10:33:28,918 - BasePage - INFO - Had find the element '  ' seccessful by id via value:  kw 
2018-04-09 10:33:29,023 - BasePage - INFO - Had type ' python ' in inputBox
2018-04-09 10:33:29,062 - BasePage - INFO - Had find the element '  ' seccessful by xpath via value: //*[@id='su'] 
2018-04-09 10:33:29,161 - BasePage - INFO - The element '  ' was clicked.
2018-04-09 10:33:31,236 - BasePage - INFO - Had take screenshot and save to folder : /screenshots
2018-04-09 10:33:31,789 - BrowserEngine - INFO - You had select Firefox browser.
2018-04-09 10:33:31,790 - BrowserEngine - INFO - The test server url is: https://www.baidu.com
2018-04-09 10:33:42,483 - BrowserEngine - INFO - Starting firefox browser.
2018-04-09 10:33:43,628 - BrowserEngine - INFO - Open url: https://www.baidu.com 
2018-04-09 10:33:43,634 - BrowserEngine - INFO - Maximize the current window. 
2018-04-09 10:33:43,641 - BasePage - INFO - Current page title is 百度一下，你就知道
