2018-04-09 11:49:31,000 - BrowserEngine - INFO - You had select Firefox browser.
2018-04-09 11:49:31,000 - BrowserEngine - INFO - The test server url is: https://www.baidu.com
2018-04-09 11:49:39,404 - BrowserEngine - INFO - Starting firefox browser.
2018-04-09 11:49:40,296 - BrowserEngine - INFO - Open url: https://www.baidu.com 
2018-04-09 11:49:40,301 - BrowserEngine - INFO - Maximize the current window. 
2018-04-09 11:49:40,335 - BasePage - INFO - Had find the element '  ' seccessful by id via value:  kw 
2018-04-09 11:49:40,562 - BasePage - INFO - Had type ' selenium ' in inputBox
2018-04-09 11:49:40,645 - BasePage - INFO - Had find the element '  ' seccessful by xpath via value: //*[@id='su'] 
2018-04-09 11:49:40,767 - BasePage - INFO - The element '  ' was clicked.
2018-04-09 11:49:42,872 - BasePage - INFO - Had take screenshot and save to folder : /screenshots
2018-04-09 11:49:42,891 - BasePage - INFO - Had find the element '  ' seccessful by id via value:  kw 
2018-04-09 11:49:42,996 - BasePage - INFO - Had type ' python ' in inputBox
2018-04-09 11:49:43,049 - BasePage - INFO - Had find the element '  ' seccessful by xpath via value: //*[@id='su'] 
2018-04-09 11:49:43,177 - BasePage - INFO - The element '  ' was clicked.
2018-04-09 11:49:45,276 - BasePage - INFO - Had take screenshot and save to folder : /screenshots
2018-04-09 11:49:45,792 - BrowserEngine - INFO - You had select Firefox browser.
2018-04-09 11:49:45,792 - BrowserEngine - INFO - The test server url is: https://www.baidu.com
2018-04-09 11:49:55,322 - BrowserEngine - INFO - Starting firefox browser.
2018-04-09 11:49:56,703 - BrowserEngine - INFO - Open url: https://www.baidu.com 
2018-04-09 11:49:56,709 - BrowserEngine - INFO - Maximize the current window. 
