2018-04-09 12:53:24,780 - BrowserEngine - INFO - You had select Firefox browser.
2018-04-09 12:53:24,782 - BrowserEngine - INFO - The test server url is: https://www.baidu.com
2018-04-09 12:53:33,694 - BrowserEngine - INFO - Starting firefox browser.
2018-04-09 12:53:34,670 - BrowserEngine - INFO - Open url: https://www.baidu.com 
2018-04-09 12:53:34,677 - BrowserEngine - INFO - Maximize the current window. 
2018-04-09 12:53:34,755 - BasePage - INFO - The element ' 新闻 ' was clicked.
2018-04-09 12:53:36,756 - BasePage - INFO - Sleep for 2 seconds
2018-04-09 12:53:36,812 - BasePage - INFO - Had find the element ' 体育 ' seccessful by xpath via value: //*[@id='channel-all']/div/ul/li[8]/a 
2018-04-09 12:53:36,882 - BasePage - INFO - The element ' 体育 ' was clicked.
2018-04-09 12:53:38,884 - BasePage - INFO - Sleep for 2 seconds
2018-04-09 12:53:38,904 - BasePage - INFO - Had find the element ' 汽车 ' seccessful by xpath via value: //*[@id='channel-all']/div/ul/li[13]/a 
2018-04-09 12:53:39,048 - BasePage - INFO - The element ' 汽车 ' was clicked.
2018-04-09 12:53:41,049 - BasePage - INFO - Sleep for 2 seconds
2018-04-09 12:53:41,265 - BasePage - INFO - Had take screenshot and save to folder : /screenshots
2018-04-09 12:53:41,878 - BrowserEngine - INFO - You had select Firefox browser.
2018-04-09 12:53:41,880 - BrowserEngine - INFO - The test server url is: https://www.baidu.com
2018-04-09 12:53:51,516 - BrowserEngine - INFO - Starting firefox browser.
2018-04-09 12:53:52,766 - BrowserEngine - INFO - Open url: https://www.baidu.com 
2018-04-09 12:53:52,772 - BrowserEngine - INFO - Maximize the current window. 
2018-04-09 12:53:52,782 - BasePage - INFO - Current page title is 百度一下，你就知道
2018-04-09 12:53:54,790 - BasePage - INFO - Sleep for 2 seconds
