2018-04-09 11:00:38,164 - BrowserEngine - INFO - You had select Firefox browser.
2018-04-09 11:00:38,165 - BrowserEngine - INFO - The test server url is: https://www.baidu.com
2018-04-09 11:00:46,220 - BrowserEngine - INFO - Starting firefox browser.
2018-04-09 11:00:47,368 - BrowserEngine - INFO - Open url: https://www.baidu.com 
2018-04-09 11:00:47,374 - BrowserEngine - INFO - Maximize the current window. 
2018-04-09 11:00:47,400 - BasePage - INFO - Had find the element '  ' seccessful by id via value:  kw 
2018-04-09 11:00:47,595 - BasePage - INFO - Had type ' selenium ' in inputBox
2018-04-09 11:00:47,657 - BasePage - INFO - Had find the element '  ' seccessful by xpath via value: //*[@id='su'] 
2018-04-09 11:00:47,763 - BasePage - INFO - The element '  ' was clicked.
2018-04-09 11:00:49,921 - BasePage - INFO - Had take screenshot and save to folder : /screenshots
2018-04-09 11:00:49,928 - BasePage - INFO - Current page title is selenium_百度搜索
2018-04-09 11:00:49,951 - BasePage - INFO - Had find the element '  ' seccessful by id via value:  kw 
2018-04-09 11:00:50,055 - BasePage - INFO - Had type ' python ' in inputBox
2018-04-09 11:00:50,098 - BasePage - INFO - Had find the element '  ' seccessful by xpath via value: //*[@id='su'] 
2018-04-09 11:00:50,181 - BasePage - INFO - The element '  ' was clicked.
2018-04-09 11:00:52,299 - BasePage - INFO - Had take screenshot and save to folder : /screenshots
2018-04-09 11:00:52,766 - BrowserEngine - INFO - You had select Firefox browser.
2018-04-09 11:00:52,766 - BrowserEngine - INFO - The test server url is: https://www.baidu.com
2018-04-09 11:01:01,151 - BrowserEngine - INFO - Starting firefox browser.
2018-04-09 11:01:02,260 - BrowserEngine - INFO - Open url: https://www.baidu.com 
2018-04-09 11:01:02,266 - BrowserEngine - INFO - Maximize the current window. 
2018-04-09 11:01:02,276 - BasePage - INFO - Current page title is 百度一下，你就知道
2018-04-09 11:01:02,599 - BrowserEngine - INFO - You had select Firefox browser.
2018-04-09 11:01:02,601 - BrowserEngine - INFO - The test server url is: https://www.baidu.com
2018-04-09 11:01:11,016 - BrowserEngine - INFO - Starting firefox browser.
2018-04-09 11:01:12,194 - BrowserEngine - INFO - Open url: https://www.baidu.com 
2018-04-09 11:01:12,198 - BrowserEngine - INFO - Maximize the current window. 
2018-04-09 11:01:12,276 - BasePage - INFO - The element ' 新闻 ' was clicked.
2018-04-09 11:01:14,278 - BasePage - INFO - Sleep for 2 seconds
2018-04-09 11:01:14,302 - BasePage - INFO - Had find the element ' 体育 ' seccessful by xpath via value: //*[@id='channel-all']/div/ul/li[8]/a 
2018-04-09 11:01:14,357 - BasePage - INFO - The element ' 体育 ' was clicked.
2018-04-09 11:01:16,358 - BasePage - INFO - Sleep for 2 seconds
2018-04-09 11:01:16,382 - BasePage - INFO - Had find the element ' 汽车 ' seccessful by xpath via value: //*[@id='channel-all']/div/ul/li[13]/a 
2018-04-09 11:01:16,520 - BasePage - INFO - The element ' 汽车 ' was clicked.
2018-04-09 11:01:18,522 - BasePage - INFO - Sleep for 2 seconds
2018-04-09 11:01:18,721 - BasePage - INFO - Had take screenshot and save to folder : /screenshots
2018-04-09 11:01:19,480 - BrowserEngine - INFO - You had select Firefox browser.
2018-04-09 11:01:19,480 - BrowserEngine - INFO - The test server url is: https://www.baidu.com
2018-04-09 11:01:27,664 - BrowserEngine - INFO - Starting firefox browser.
2018-04-09 11:01:28,681 - BrowserEngine - INFO - Open url: https://www.baidu.com 
2018-04-09 11:01:28,690 - BrowserEngine - INFO - Maximize the current window. 
2018-04-09 11:01:28,707 - BasePage - INFO - Current page title is 百度一下，你就知道
