2018-04-09 10:51:08,013 - BrowserEngine - INFO - You had select Firefox browser.
2018-04-09 10:51:08,013 - BrowserEngine - INFO - The test server url is: https://www.baidu.com
2018-04-09 10:51:16,377 - BrowserEngine - INFO - Starting firefox browser.
2018-04-09 10:51:17,654 - BrowserEngine - INFO - Open url: https://www.baidu.com 
2018-04-09 10:51:17,660 - BrowserEngine - INFO - Maximize the current window. 
2018-04-09 10:51:17,690 - BasePage - INFO - Had find the element '  ' seccessful by id via value:  kw 
2018-04-09 10:51:17,878 - BasePage - INFO - Had type ' selenium ' in inputBox
2018-04-09 10:51:17,924 - BasePage - INFO - Had find the element '  ' seccessful by xpath via value: //*[@id='su'] 
2018-04-09 10:51:18,007 - BasePage - INFO - The element '  ' was clicked.
2018-04-09 10:51:20,121 - BasePage - INFO - Had take screenshot and save to folder : /screenshots
2018-04-09 10:51:20,128 - BasePage - INFO - Current page title is selenium_百度搜索
2018-04-09 10:51:20,150 - BasePage - INFO - Had find the element '  ' seccessful by id via value:  kw 
2018-04-09 10:51:20,250 - BasePage - INFO - Had type ' python ' in inputBox
2018-04-09 10:51:20,305 - BasePage - INFO - Had find the element '  ' seccessful by xpath via value: //*[@id='su'] 
2018-04-09 10:51:20,398 - BasePage - INFO - The element '  ' was clicked.
2018-04-09 10:51:22,493 - BasePage - INFO - Had take screenshot and save to folder : /screenshots
2018-04-09 10:51:23,197 - BrowserEngine - INFO - You had select Firefox browser.
2018-04-09 10:51:23,197 - BrowserEngine - INFO - The test server url is: https://www.baidu.com
2018-04-09 10:51:32,414 - BrowserEngine - INFO - Starting firefox browser.
2018-04-09 10:51:33,341 - BrowserEngine - INFO - Open url: https://www.baidu.com 
2018-04-09 10:51:33,346 - BrowserEngine - INFO - Maximize the current window. 
2018-04-09 10:51:33,359 - BasePage - INFO - Current page title is 百度一下，你就知道
2018-04-09 10:51:34,069 - BrowserEngine - INFO - You had select Firefox browser.
2018-04-09 10:51:34,071 - BrowserEngine - INFO - The test server url is: https://www.baidu.com
2018-04-09 10:51:43,446 - BrowserEngine - INFO - Starting firefox browser.
2018-04-09 10:51:44,382 - BrowserEngine - INFO - Open url: https://www.baidu.com 
2018-04-09 10:51:44,388 - BrowserEngine - INFO - Maximize the current window. 
2018-04-09 10:51:44,454 - BasePage - INFO - The element ' 新闻 ' was clicked.
2018-04-09 10:51:46,456 - BasePage - INFO - Sleep for 2 seconds
2018-04-09 10:51:46,489 - BasePage - INFO - Had find the element ' 体育 ' seccessful by xpath via value: //*[@id='channel-all']/div/ul/li[8]/a 
2018-04-09 10:51:46,543 - BasePage - INFO - The element ' 体育 ' was clicked.
2018-04-09 10:51:48,543 - BasePage - INFO - Sleep for 2 seconds
2018-04-09 10:51:48,572 - BasePage - INFO - Had find the element ' 汽车 ' seccessful by xpath via value: //*[@id='channel-all']/div/ul/li[13]/a 
2018-04-09 10:51:48,717 - BasePage - INFO - The element ' 汽车 ' was clicked.
2018-04-09 10:51:50,719 - BasePage - INFO - Sleep for 2 seconds
2018-04-09 10:51:50,969 - BasePage - INFO - Had take screenshot and save to folder : /screenshots
2018-04-09 10:51:51,720 - BrowserEngine - INFO - You had select Firefox browser.
2018-04-09 10:51:51,721 - BrowserEngine - INFO - The test server url is: https://www.baidu.com
2018-04-09 10:52:00,111 - BrowserEngine - INFO - Starting firefox browser.
2018-04-09 10:52:01,334 - BrowserEngine - INFO - Open url: https://www.baidu.com 
2018-04-09 10:52:01,339 - BrowserEngine - INFO - Maximize the current window. 
2018-04-09 10:52:01,348 - BasePage - INFO - Current page title is 百度一下，你就知道
