2018-04-11 10:22:47,007 - BrowserEngine - INFO - You had select Firefox browser.
2018-04-11 10:22:47,007 - BrowserEngine - INFO - The test server url is: https://www.baidu.com
2018-04-11 10:22:55,964 - BrowserEngine - INFO - Starting firefox browser.
2018-04-11 10:22:57,118 - BrowserEngine - INFO - Open url: https://www.baidu.com 
2018-04-11 10:22:57,124 - BrowserEngine - INFO - Maximize the current window. 
2018-04-11 10:22:57,217 - BasePage - INFO - The element ' 新闻 ' was clicked.
2018-04-11 10:22:59,219 - BasePage - INFO - Sleep for 2 seconds
2018-04-11 10:22:59,250 - BasePage - INFO - Had find the element ' 体育 ' seccessful by xpath via value: //*[@id='channel-all']/div/ul/li[8]/a 
2018-04-11 10:22:59,322 - BasePage - INFO - The element ' 体育 ' was clicked.
2018-04-11 10:23:01,322 - BasePage - INFO - Sleep for 2 seconds
2018-04-11 10:23:01,349 - BasePage - INFO - Had find the element ' 汽车 ' seccessful by xpath via value: //*[@id='channel-all']/div/ul/li[13]/a 
2018-04-11 10:23:01,506 - BasePage - INFO - The element ' 汽车 ' was clicked.
2018-04-11 10:23:03,506 - BasePage - INFO - Sleep for 2 seconds
2018-04-11 10:23:03,726 - BasePage - INFO - Had take screenshot and save to folder : /screenshots
2018-04-11 10:23:04,562 - BrowserEngine - INFO - You had select Firefox browser.
2018-04-11 10:23:04,562 - BrowserEngine - INFO - The test server url is: https://www.baidu.com
2018-04-11 10:23:15,578 - BrowserEngine - INFO - Starting firefox browser.
2018-04-11 10:23:16,759 - BrowserEngine - INFO - Open url: https://www.baidu.com 
2018-04-11 10:23:16,765 - BrowserEngine - INFO - Maximize the current window. 
2018-04-11 10:23:16,773 - BasePage - INFO - Current page title is 百度一下，你就知道
2018-04-11 10:23:18,782 - BasePage - INFO - Sleep for 2 seconds
