2018-04-09 10:56:23,377 - BrowserEngine - INFO - You had select Firefox browser.
2018-04-09 10:56:23,377 - BrowserEngine - INFO - The test server url is: https://www.baidu.com
2018-04-09 10:56:31,607 - BrowserEngine - INFO - Starting firefox browser.
2018-04-09 10:56:32,530 - BrowserEngine - INFO - Open url: https://www.baidu.com 
2018-04-09 10:56:32,538 - BrowserEngine - INFO - Maximize the current window. 
2018-04-09 10:56:32,592 - BasePage - INFO - Had find the element '  ' seccessful by id via value:  kw 
2018-04-09 10:56:32,835 - BasePage - INFO - Had type ' selenium ' in inputBox
2018-04-09 10:56:32,986 - BasePage - INFO - Had find the element '  ' seccessful by xpath via value: //*[@id='su'] 
2018-04-09 10:56:33,092 - BasePage - INFO - The element '  ' was clicked.
2018-04-09 10:56:35,198 - BasePage - INFO - Had take screenshot and save to folder : /screenshots
2018-04-09 10:56:35,206 - BasePage - INFO - Current page title is selenium_百度搜索
2018-04-09 10:56:35,227 - BasePage - INFO - Had find the element '  ' seccessful by id via value:  kw 
2018-04-09 10:56:35,326 - BasePage - INFO - Had type ' python ' in inputBox
2018-04-09 10:56:35,372 - BasePage - INFO - Had find the element '  ' seccessful by xpath via value: //*[@id='su'] 
2018-04-09 10:56:35,451 - BasePage - INFO - The element '  ' was clicked.
2018-04-09 10:56:37,576 - BasePage - INFO - Had take screenshot and save to folder : /screenshots
2018-04-09 10:56:38,092 - BrowserEngine - INFO - You had select Firefox browser.
2018-04-09 10:56:38,094 - BrowserEngine - INFO - The test server url is: https://www.baidu.com
2018-04-09 10:56:46,339 - BrowserEngine - INFO - Starting firefox browser.
2018-04-09 10:56:47,283 - BrowserEngine - INFO - Open url: https://www.baidu.com 
2018-04-09 10:56:47,289 - BrowserEngine - INFO - Maximize the current window. 
2018-04-09 10:56:47,301 - BasePage - INFO - Current page title is 百度一下，你就知道
2018-04-09 10:56:47,650 - BrowserEngine - INFO - You had select Firefox browser.
2018-04-09 10:56:47,650 - BrowserEngine - INFO - The test server url is: https://www.baidu.com
2018-04-09 10:56:56,039 - BrowserEngine - INFO - Starting firefox browser.
2018-04-09 10:56:56,947 - BrowserEngine - INFO - Open url: https://www.baidu.com 
2018-04-09 10:56:56,956 - BrowserEngine - INFO - Maximize the current window. 
2018-04-09 10:56:57,039 - BasePage - INFO - The element ' 新闻 ' was clicked.
2018-04-09 10:56:59,039 - BasePage - INFO - Sleep for 2 seconds
2018-04-09 10:56:59,076 - BasePage - INFO - Had find the element ' 体育 ' seccessful by xpath via value: //*[@id='channel-all']/div/ul/li[8]/a 
2018-04-09 10:56:59,141 - BasePage - INFO - The element ' 体育 ' was clicked.
2018-04-09 10:57:01,141 - BasePage - INFO - Sleep for 2 seconds
2018-04-09 10:57:01,167 - BasePage - INFO - Had find the element ' 汽车 ' seccessful by xpath via value: //*[@id='channel-all']/div/ul/li[13]/a 
2018-04-09 10:57:01,305 - BasePage - INFO - The element ' 汽车 ' was clicked.
2018-04-09 10:57:03,305 - BasePage - INFO - Sleep for 2 seconds
2018-04-09 10:57:03,519 - BasePage - INFO - Had take screenshot and save to folder : /screenshots
2018-04-09 10:57:04,206 - BrowserEngine - INFO - You had select Firefox browser.
2018-04-09 10:57:04,206 - BrowserEngine - INFO - The test server url is: https://www.baidu.com
2018-04-09 10:57:13,053 - BrowserEngine - INFO - Starting firefox browser.
2018-04-09 10:57:14,322 - BrowserEngine - INFO - Open url: https://www.baidu.com 
2018-04-09 10:57:14,326 - BrowserEngine - INFO - Maximize the current window. 
2018-04-09 10:57:14,338 - BasePage - INFO - Current page title is 百度一下，你就知道
