2018-04-09 10:59:24,546 - BrowserEngine - INFO - You had select Firefox browser.
2018-04-09 10:59:24,546 - BrowserEngine - INFO - The test server url is: https://www.baidu.com
2018-04-09 10:59:33,002 - BrowserEngine - INFO - Starting firefox browser.
2018-04-09 10:59:33,924 - BrowserEngine - INFO - Open url: https://www.baidu.com 
2018-04-09 10:59:33,937 - BrowserEngine - INFO - Maximize the current window. 
2018-04-09 10:59:33,970 - BasePage - INFO - Had find the element '  ' seccessful by id via value:  kw 
2018-04-09 10:59:34,190 - BasePage - INFO - Had type ' selenium ' in inputBox
2018-04-09 10:59:34,279 - BasePage - INFO - Had find the element '  ' seccessful by xpath via value: //*[@id='su'] 
2018-04-09 10:59:34,367 - BasePage - INFO - The element '  ' was clicked.
2018-04-09 10:59:36,471 - BasePage - INFO - Had take screenshot and save to folder : /screenshots
2018-04-09 10:59:36,480 - BasePage - INFO - Current page title is selenium_百度搜索
2018-04-09 10:59:36,502 - BasePage - INFO - Had find the element '  ' seccessful by id via value:  kw 
2018-04-09 10:59:36,604 - BasePage - INFO - Had type ' python ' in inputBox
2018-04-09 10:59:36,630 - BasePage - INFO - Had find the element '  ' seccessful by xpath via value: //*[@id='su'] 
2018-04-09 10:59:36,717 - BasePage - INFO - The element '  ' was clicked.
2018-04-09 10:59:38,838 - BasePage - INFO - Had take screenshot and save to folder : /screenshots
2018-04-09 10:59:39,372 - BrowserEngine - INFO - You had select Firefox browser.
2018-04-09 10:59:39,374 - BrowserEngine - INFO - The test server url is: https://www.baidu.com
2018-04-09 10:59:47,651 - BrowserEngine - INFO - Starting firefox browser.
2018-04-09 10:59:48,543 - BrowserEngine - INFO - Open url: https://www.baidu.com 
2018-04-09 10:59:48,551 - BrowserEngine - INFO - Maximize the current window. 
2018-04-09 10:59:48,559 - BasePage - INFO - Current page title is 百度一下，你就知道
2018-04-09 10:59:49,055 - BrowserEngine - INFO - You had select Firefox browser.
2018-04-09 10:59:49,055 - BrowserEngine - INFO - The test server url is: https://www.baidu.com
2018-04-09 10:59:57,390 - BrowserEngine - INFO - Starting firefox browser.
2018-04-09 10:59:58,341 - BrowserEngine - INFO - Open url: https://www.baidu.com 
2018-04-09 10:59:58,348 - BrowserEngine - INFO - Maximize the current window. 
2018-04-09 10:59:58,434 - BasePage - INFO - The element ' 新闻 ' was clicked.
2018-04-09 11:00:00,434 - BasePage - INFO - Sleep for 2 seconds
2018-04-09 11:00:00,473 - BasePage - INFO - Had find the element ' 体育 ' seccessful by xpath via value: //*[@id='channel-all']/div/ul/li[8]/a 
2018-04-09 11:00:00,532 - BasePage - INFO - The element ' 体育 ' was clicked.
2018-04-09 11:00:02,533 - BasePage - INFO - Sleep for 2 seconds
2018-04-09 11:00:02,558 - BasePage - INFO - Had find the element ' 汽车 ' seccessful by xpath via value: //*[@id='channel-all']/div/ul/li[13]/a 
2018-04-09 11:00:02,697 - BasePage - INFO - The element ' 汽车 ' was clicked.
2018-04-09 11:00:04,697 - BasePage - INFO - Sleep for 2 seconds
2018-04-09 11:00:04,911 - BasePage - INFO - Had take screenshot and save to folder : /screenshots
2018-04-09 11:00:05,601 - BrowserEngine - INFO - You had select Firefox browser.
2018-04-09 11:00:05,601 - BrowserEngine - INFO - The test server url is: https://www.baidu.com
2018-04-09 11:00:13,936 - BrowserEngine - INFO - Starting firefox browser.
2018-04-09 11:00:15,036 - BrowserEngine - INFO - Open url: https://www.baidu.com 
2018-04-09 11:00:15,046 - BrowserEngine - INFO - Maximize the current window. 
2018-04-09 11:00:15,056 - BasePage - INFO - Current page title is 百度一下，你就知道
