2018-04-09 10:49:06,227 - BrowserEngine - INFO - You had select Firefox browser.
2018-04-09 10:49:06,227 - BrowserEngine - INFO - The test server url is: https://www.baidu.com
2018-04-09 10:49:15,036 - BrowserEngine - INFO - Starting firefox browser.
2018-04-09 10:49:16,131 - BrowserEngine - INFO - Open url: https://www.baidu.com 
2018-04-09 10:49:16,140 - BrowserEngine - INFO - Maximize the current window. 
2018-04-09 10:49:16,171 - BasePage - INFO - Had find the element '  ' seccessful by id via value:  kw 
2018-04-09 10:49:16,392 - BasePage - INFO - Had type ' selenium ' in inputBox
2018-04-09 10:49:16,453 - BasePage - INFO - Had find the element '  ' seccessful by xpath via value: //*[@id='su'] 
2018-04-09 10:49:16,585 - BasePage - INFO - The element '  ' was clicked.
2018-04-09 10:49:18,688 - BasePage - INFO - Had take screenshot and save to folder : /screenshots
2018-04-09 10:49:18,696 - BasePage - INFO - Current page title is selenium_百度搜索
2018-04-09 10:49:18,717 - BasePage - INFO - Had find the element '  ' seccessful by id via value:  kw 
2018-04-09 10:49:18,826 - BasePage - INFO - Had type ' python ' in inputBox
2018-04-09 10:49:18,858 - BasePage - INFO - Had find the element '  ' seccessful by xpath via value: //*[@id='su'] 
2018-04-09 10:49:18,992 - BasePage - INFO - The element '  ' was clicked.
2018-04-09 10:49:21,111 - BasePage - INFO - Had take screenshot and save to folder : /screenshots
2018-04-09 10:49:21,642 - BrowserEngine - INFO - You had select Firefox browser.
2018-04-09 10:49:21,642 - BrowserEngine - INFO - The test server url is: https://www.baidu.com
2018-04-09 10:49:32,072 - BrowserEngine - INFO - Starting firefox browser.
2018-04-09 10:49:33,246 - BrowserEngine - INFO - Open url: https://www.baidu.com 
2018-04-09 10:49:33,253 - BrowserEngine - INFO - Maximize the current window. 
2018-04-09 10:49:33,262 - BasePage - INFO - Current page title is 百度一下，你就知道
2018-04-09 10:49:33,829 - BrowserEngine - INFO - You had select Firefox browser.
2018-04-09 10:49:33,829 - BrowserEngine - INFO - The test server url is: https://www.baidu.com
2018-04-09 10:49:43,492 - BrowserEngine - INFO - Starting firefox browser.
2018-04-09 10:49:44,766 - BrowserEngine - INFO - Open url: https://www.baidu.com 
2018-04-09 10:49:44,770 - BrowserEngine - INFO - Maximize the current window. 
2018-04-09 10:49:44,852 - BasePage - INFO - The element ' 新闻 ' was clicked.
2018-04-09 10:49:46,855 - BasePage - INFO - Sleep for 2 seconds
2018-04-09 10:49:46,880 - BasePage - INFO - Had find the element ' 体育 ' seccessful by xpath via value: //*[@id='channel-all']/div/ul/li[8]/a 
2018-04-09 10:49:46,938 - BasePage - INFO - The element ' 体育 ' was clicked.
2018-04-09 10:49:48,940 - BasePage - INFO - Sleep for 2 seconds
2018-04-09 10:49:48,980 - BasePage - INFO - Had find the element ' 汽车 ' seccessful by xpath via value: //*[@id='channel-all']/div/ul/li[13]/a 
2018-04-09 10:49:49,150 - BasePage - INFO - The element ' 汽车 ' was clicked.
2018-04-09 10:49:51,150 - BasePage - INFO - Sleep for 2 seconds
2018-04-09 10:49:51,391 - BasePage - INFO - Had take screenshot and save to folder : /screenshots
2018-04-09 10:49:52,364 - BrowserEngine - INFO - You had select Firefox browser.
2018-04-09 10:49:52,364 - BrowserEngine - INFO - The test server url is: https://www.baidu.com
2018-04-09 10:50:03,298 - BrowserEngine - INFO - Starting firefox browser.
2018-04-09 10:50:04,983 - BrowserEngine - INFO - Open url: https://www.baidu.com 
2018-04-09 10:50:04,993 - BrowserEngine - INFO - Maximize the current window. 
2018-04-09 10:50:05,005 - BasePage - INFO - Current page title is 百度一下，你就知道
